/home/kanav/project_ws/install/rover_drone_colab/lib/python3.10/site-packages/rover_drone_colab/arm_rover.py
/home/kanav/project_ws/install/rover_drone_colab/lib/python3.10/site-packages/rover_drone_colab/arm_node.py
/home/kanav/project_ws/install/rover_drone_colab/lib/python3.10/site-packages/rover_drone_colab/rover_controller_node.py
/home/kanav/project_ws/install/rover_drone_colab/lib/python3.10/site-packages/rover_drone_colab/drone_controller_node.py
/home/kanav/project_ws/install/rover_drone_colab/lib/python3.10/site-packages/rover_drone_colab/__init__.py
/home/kanav/project_ws/install/rover_drone_colab/lib/python3.10/site-packages/rover_drone_colab/__pycache__/arm_rover.cpython-310.pyc
/home/kanav/project_ws/install/rover_drone_colab/lib/python3.10/site-packages/rover_drone_colab/__pycache__/arm_node.cpython-310.pyc
/home/kanav/project_ws/install/rover_drone_colab/lib/python3.10/site-packages/rover_drone_colab/__pycache__/rover_controller_node.cpython-310.pyc
/home/kanav/project_ws/install/rover_drone_colab/lib/python3.10/site-packages/rover_drone_colab/__pycache__/drone_controller_node.cpython-310.pyc
/home/kanav/project_ws/install/rover_drone_colab/lib/python3.10/site-packages/rover_drone_colab/__pycache__/__init__.cpython-310.pyc
/home/kanav/project_ws/install/rover_drone_colab/share/ament_index/resource_index/packages/rover_drone_colab
/home/kanav/project_ws/install/rover_drone_colab/share/rover_drone_colab/package.xml
/home/kanav/project_ws/install/rover_drone_colab/share/rover_drone_colab/launch/fly_hover_setup.launch.py
/home/kanav/project_ws/install/rover_drone_colab/share/rover_drone_colab/launch/spawn_x500.launch.py
/home/kanav/project_ws/install/rover_drone_colab/share/rover_drone_colab/models/block_box/model.config
/home/kanav/project_ws/install/rover_drone_colab/share/rover_drone_colab/models/block_box/model.sdf
/home/kanav/project_ws/install/rover_drone_colab/share/rover_drone_colab/models/rover/rover.sdf
/home/kanav/project_ws/install/rover_drone_colab/share/rover_drone_colab/models/rover/rover.config
/home/kanav/project_ws/install/rover_drone_colab/lib/python3.10/site-packages/rover_drone_colab-0.0.1-py3.10.egg-info/dependency_links.txt
/home/kanav/project_ws/install/rover_drone_colab/lib/python3.10/site-packages/rover_drone_colab-0.0.1-py3.10.egg-info/top_level.txt
/home/kanav/project_ws/install/rover_drone_colab/lib/python3.10/site-packages/rover_drone_colab-0.0.1-py3.10.egg-info/PKG-INFO
/home/kanav/project_ws/install/rover_drone_colab/lib/python3.10/site-packages/rover_drone_colab-0.0.1-py3.10.egg-info/zip-safe
/home/kanav/project_ws/install/rover_drone_colab/lib/python3.10/site-packages/rover_drone_colab-0.0.1-py3.10.egg-info/requires.txt
/home/kanav/project_ws/install/rover_drone_colab/lib/python3.10/site-packages/rover_drone_colab-0.0.1-py3.10.egg-info/entry_points.txt
/home/kanav/project_ws/install/rover_drone_colab/lib/python3.10/site-packages/rover_drone_colab-0.0.1-py3.10.egg-info/SOURCES.txt
/home/kanav/project_ws/install/rover_drone_colab/lib/rover_drone_colab/arm_node
/home/kanav/project_ws/install/rover_drone_colab/lib/rover_drone_colab/arm_rover
/home/kanav/project_ws/install/rover_drone_colab/lib/rover_drone_colab/drone_controller_node
/home/kanav/project_ws/install/rover_drone_colab/lib/rover_drone_colab/rover_controller_node
